{"/home/chengzhe/Documents/M1/FullstackJS/MyContacts/server/src/app.js": {"path":"/home/chengzhe/Documents/M1/FullstackJS/MyContacts/server/src/app.js","statementMap":{"0":{"start":{"line":1,"column":16},"end":{"line":1,"column":34}},"1":{"start":{"line":2,"column":19},"end":{"line":2,"column":41}},"2":{"start":{"line":3,"column":15},"end":{"line":3,"column":34}},"3":{"start":{"line":4,"column":13},"end":{"line":4,"column":37}},"4":{"start":{"line":5,"column":0},"end":{"line":5,"column":27}},"5":{"start":{"line":8,"column":18},"end":{"line":8,"column":47}},"6":{"start":{"line":9,"column":21},"end":{"line":9,"column":45}},"7":{"start":{"line":12,"column":19},"end":{"line":12,"column":49}},"8":{"start":{"line":13,"column":22},"end":{"line":13,"column":55}},"9":{"start":{"line":16,"column":12},"end":{"line":16,"column":21}},"10":{"start":{"line":18,"column":0},"end":{"line":18,"column":14}},"11":{"start":{"line":19,"column":0},"end":{"line":19,"column":27}},"12":{"start":{"line":21,"column":0},"end":{"line":25,"column":1}},"13":{"start":{"line":22,"column":4},"end":{"line":22,"column":45}},"14":{"start":{"line":23,"column":17},"end":{"line":23,"column":41}},"15":{"start":{"line":24,"column":4},"end":{"line":24,"column":74}},"16":{"start":{"line":24,"column":27},"end":{"line":24,"column":72}},"17":{"start":{"line":27,"column":0},"end":{"line":27,"column":29}},"18":{"start":{"line":28,"column":0},"end":{"line":28,"column":36}},"19":{"start":{"line":30,"column":0},"end":{"line":30,"column":21}},"20":{"start":{"line":32,"column":23},"end":{"line":56,"column":1}},"21":{"start":{"line":58,"column":20},"end":{"line":58,"column":48}},"22":{"start":{"line":60,"column":0},"end":{"line":60,"column":68}}},"fnMap":{"0":{"name":"(anonymous_0)","decl":{"start":{"line":24,"column":21},"end":{"line":24,"column":22}},"loc":{"start":{"line":24,"column":27},"end":{"line":24,"column":72}},"line":24}},"branchMap":{"0":{"loc":{"start":{"line":21,"column":0},"end":{"line":25,"column":1}},"type":"if","locations":[{"start":{"line":21,"column":0},"end":{"line":25,"column":1}},{"start":{},"end":{}}],"line":21},"1":{"loc":{"start":{"line":23,"column":17},"end":{"line":23,"column":41}},"type":"binary-expr","locations":[{"start":{"line":23,"column":17},"end":{"line":23,"column":33}},{"start":{"line":23,"column":37},"end":{"line":23,"column":41}}],"line":23}},"s":{"0":2,"1":2,"2":2,"3":2,"4":2,"5":2,"6":2,"7":2,"8":2,"9":2,"10":2,"11":2,"12":2,"13":0,"14":0,"15":0,"16":0,"17":2,"18":2,"19":2,"20":2,"21":2,"22":2},"f":{"0":0},"b":{"0":[0,2],"1":[0,0]},"_coverageSchema":"1a1c01bbd47fc00a2c39e90264f33305004495a9","hash":"e69037af56e17bf67479fa8c72326456d7891767"}
,"/home/chengzhe/Documents/M1/FullstackJS/MyContacts/server/src/server.js": {"path":"/home/chengzhe/Documents/M1/FullstackJS/MyContacts/server/src/server.js","statementMap":{"0":{"start":{"line":2,"column":0},"end":{"line":2,"column":27}},"1":{"start":{"line":4,"column":40},"end":{"line":4,"column":58}},"2":{"start":{"line":5,"column":17},"end":{"line":5,"column":36}},"3":{"start":{"line":7,"column":12},"end":{"line":7,"column":33}},"4":{"start":{"line":9,"column":15},"end":{"line":15,"column":2}},"5":{"start":{"line":48,"column":4},"end":{"line":57,"column":5}},"6":{"start":{"line":49,"column":8},"end":{"line":56,"column":9}},"7":{"start":{"line":50,"column":12},"end":{"line":50,"column":50}},"8":{"start":{"line":51,"column":12},"end":{"line":51,"column":58}},"9":{"start":{"line":52,"column":12},"end":{"line":52,"column":45}},"10":{"start":{"line":54,"column":12},"end":{"line":54,"column":51}},"11":{"start":{"line":55,"column":12},"end":{"line":55,"column":22}},"12":{"start":{"line":60,"column":0},"end":{"line":60,"column":32}}},"fnMap":{"0":{"name":"startMongo","decl":{"start":{"line":47,"column":15},"end":{"line":47,"column":25}},"loc":{"start":{"line":47,"column":28},"end":{"line":58,"column":1}},"line":47}},"branchMap":{"0":{"loc":{"start":{"line":48,"column":4},"end":{"line":57,"column":5}},"type":"if","locations":[{"start":{"line":48,"column":4},"end":{"line":57,"column":5}},{"start":{},"end":{}}],"line":48}},"s":{"0":2,"1":2,"2":2,"3":2,"4":2,"5":0,"6":0,"7":0,"8":0,"9":0,"10":0,"11":0,"12":2},"f":{"0":0},"b":{"0":[0,0]},"_coverageSchema":"1a1c01bbd47fc00a2c39e90264f33305004495a9","hash":"128a2b3a7141fd099d89cbf0549d7762a7c524e5"}
,"/home/chengzhe/Documents/M1/FullstackJS/MyContacts/server/src/config/cors.js": {"path":"/home/chengzhe/Documents/M1/FullstackJS/MyContacts/server/src/config/cors.js","statementMap":{"0":{"start":{"line":1,"column":13},"end":{"line":1,"column":28}},"1":{"start":{"line":3,"column":20},"end":{"line":12,"column":1}},"2":{"start":{"line":14,"column":0},"end":{"line":14,"column":35}}},"fnMap":{},"branchMap":{},"s":{"0":2,"1":2,"2":2},"f":{},"b":{},"_coverageSchema":"1a1c01bbd47fc00a2c39e90264f33305004495a9","hash":"00ee2f36a38f091c778f191e0df1be50cd8e86a1"}
,"/home/chengzhe/Documents/M1/FullstackJS/MyContacts/server/src/controllers/contactController.js": {"path":"/home/chengzhe/Documents/M1/FullstackJS/MyContacts/server/src/controllers/contactController.js","statementMap":{"0":{"start":{"line":1,"column":23},"end":{"line":1,"column":60}},"1":{"start":{"line":2,"column":16},"end":{"line":2,"column":49}},"2":{"start":{"line":5,"column":4},"end":{"line":14,"column":5}},"3":{"start":{"line":6,"column":8},"end":{"line":6,"column":44}},"4":{"start":{"line":7,"column":8},"end":{"line":7,"column":43}},"5":{"start":{"line":8,"column":47},"end":{"line":8,"column":55}},"6":{"start":{"line":9,"column":23},"end":{"line":9,"column":33}},"7":{"start":{"line":10,"column":24},"end":{"line":10,"column":94}},"8":{"start":{"line":11,"column":8},"end":{"line":11,"column":170}},"9":{"start":{"line":13,"column":8},"end":{"line":13,"column":53}},"10":{"start":{"line":19,"column":22},"end":{"line":19,"column":35}},"11":{"start":{"line":20,"column":20},"end":{"line":20,"column":28}},"12":{"start":{"line":22,"column":4},"end":{"line":31,"column":5}},"13":{"start":{"line":23,"column":31},"end":{"line":23,"column":85}},"14":{"start":{"line":25,"column":8},"end":{"line":27,"column":9}},"15":{"start":{"line":26,"column":12},"end":{"line":26,"column":73}},"16":{"start":{"line":28,"column":8},"end":{"line":28,"column":77}},"17":{"start":{"line":30,"column":8},"end":{"line":30,"column":58}},"18":{"start":{"line":36,"column":22},"end":{"line":36,"column":35}},"19":{"start":{"line":38,"column":4},"end":{"line":47,"column":5}},"20":{"start":{"line":39,"column":31},"end":{"line":39,"column":76}},"21":{"start":{"line":41,"column":8},"end":{"line":43,"column":9}},"22":{"start":{"line":42,"column":12},"end":{"line":42,"column":73}},"23":{"start":{"line":44,"column":8},"end":{"line":44,"column":49}},"24":{"start":{"line":46,"column":8},"end":{"line":46,"column":58}},"25":{"start":{"line":51,"column":4},"end":{"line":57,"column":5}},"26":{"start":{"line":52,"column":25},"end":{"line":52,"column":67}},"27":{"start":{"line":53,"column":8},"end":{"line":53,"column":27}},"28":{"start":{"line":55,"column":8},"end":{"line":55,"column":60}},"29":{"start":{"line":56,"column":8},"end":{"line":56,"column":53}},"30":{"start":{"line":61,"column":18},"end":{"line":61,"column":55}},"31":{"start":{"line":62,"column":4},"end":{"line":62,"column":20}},"32":{"start":{"line":65,"column":0},"end":{"line":71,"column":2}}},"fnMap":{"0":{"name":"createContactController","decl":{"start":{"line":4,"column":15},"end":{"line":4,"column":38}},"loc":{"start":{"line":4,"column":49},"end":{"line":15,"column":1}},"line":4},"1":{"name":"updateContactController","decl":{"start":{"line":17,"column":15},"end":{"line":17,"column":38}},"loc":{"start":{"line":17,"column":49},"end":{"line":32,"column":1}},"line":17},"2":{"name":"deleteContactController","decl":{"start":{"line":34,"column":15},"end":{"line":34,"column":38}},"loc":{"start":{"line":34,"column":49},"end":{"line":48,"column":1}},"line":34},"3":{"name":"listContactsController","decl":{"start":{"line":50,"column":15},"end":{"line":50,"column":37}},"loc":{"start":{"line":50,"column":48},"end":{"line":58,"column":1}},"line":50},"4":{"name":"listAllContactsController","decl":{"start":{"line":60,"column":15},"end":{"line":60,"column":40}},"loc":{"start":{"line":60,"column":52},"end":{"line":63,"column":1}},"line":60}},"branchMap":{"0":{"loc":{"start":{"line":25,"column":8},"end":{"line":27,"column":9}},"type":"if","locations":[{"start":{"line":25,"column":8},"end":{"line":27,"column":9}},{"start":{},"end":{}}],"line":25},"1":{"loc":{"start":{"line":41,"column":8},"end":{"line":43,"column":9}},"type":"if","locations":[{"start":{"line":41,"column":8},"end":{"line":43,"column":9}},{"start":{},"end":{}}],"line":41}},"s":{"0":2,"1":2,"2":1,"3":1,"4":1,"5":1,"6":1,"7":1,"8":1,"9":0,"10":1,"11":1,"12":1,"13":1,"14":1,"15":0,"16":1,"17":0,"18":1,"19":1,"20":1,"21":1,"22":0,"23":1,"24":0,"25":1,"26":1,"27":1,"28":0,"29":0,"30":0,"31":0,"32":2},"f":{"0":1,"1":1,"2":1,"3":1,"4":0},"b":{"0":[0,1],"1":[0,1]},"_coverageSchema":"1a1c01bbd47fc00a2c39e90264f33305004495a9","hash":"2809b3c7e1660383beb86ab0e3750b40b9437a39"}
,"/home/chengzhe/Documents/M1/FullstackJS/MyContacts/server/src/controllers/userController.js": {"path":"/home/chengzhe/Documents/M1/FullstackJS/MyContacts/server/src/controllers/userController.js","statementMap":{"0":{"start":{"line":1,"column":20},"end":{"line":1,"column":54}},"1":{"start":{"line":4,"column":4},"end":{"line":10,"column":5}},"2":{"start":{"line":5,"column":36},"end":{"line":5,"column":44}},"3":{"start":{"line":6,"column":21},"end":{"line":6,"column":68}},"4":{"start":{"line":7,"column":8},"end":{"line":7,"column":73}},"5":{"start":{"line":9,"column":8},"end":{"line":9,"column":53}},"6":{"start":{"line":14,"column":4},"end":{"line":26,"column":5}},"7":{"start":{"line":15,"column":36},"end":{"line":15,"column":44}},"8":{"start":{"line":16,"column":23},"end":{"line":16,"column":67}},"9":{"start":{"line":18,"column":8},"end":{"line":20,"column":9}},"10":{"start":{"line":19,"column":12},"end":{"line":19,"column":78}},"11":{"start":{"line":22,"column":8},"end":{"line":22,"column":54}},"12":{"start":{"line":24,"column":8},"end":{"line":24,"column":29}},"13":{"start":{"line":25,"column":8},"end":{"line":25,"column":63}},"14":{"start":{"line":30,"column":18},"end":{"line":30,"column":49}},"15":{"start":{"line":31,"column":4},"end":{"line":31,"column":20}},"16":{"start":{"line":35,"column":0},"end":{"line":39,"column":2}}},"fnMap":{"0":{"name":"registerController","decl":{"start":{"line":3,"column":15},"end":{"line":3,"column":33}},"loc":{"start":{"line":3,"column":44},"end":{"line":11,"column":1}},"line":3},"1":{"name":"loginController","decl":{"start":{"line":13,"column":15},"end":{"line":13,"column":30}},"loc":{"start":{"line":13,"column":41},"end":{"line":27,"column":1}},"line":13},"2":{"name":"listUsersController","decl":{"start":{"line":29,"column":15},"end":{"line":29,"column":34}},"loc":{"start":{"line":29,"column":46},"end":{"line":32,"column":1}},"line":29}},"branchMap":{"0":{"loc":{"start":{"line":18,"column":8},"end":{"line":20,"column":9}},"type":"if","locations":[{"start":{"line":18,"column":8},"end":{"line":20,"column":9}},{"start":{},"end":{}}],"line":18}},"s":{"0":2,"1":2,"2":2,"3":2,"4":2,"5":0,"6":1,"7":1,"8":1,"9":1,"10":0,"11":1,"12":0,"13":0,"14":0,"15":0,"16":2},"f":{"0":2,"1":1,"2":0},"b":{"0":[0,1]},"_coverageSchema":"1a1c01bbd47fc00a2c39e90264f33305004495a9","hash":"822f308df968010fa521fed46875c162067feccc"}
,"/home/chengzhe/Documents/M1/FullstackJS/MyContacts/server/src/middlewares/authMiddleware.js": {"path":"/home/chengzhe/Documents/M1/FullstackJS/MyContacts/server/src/middlewares/authMiddleware.js","statementMap":{"0":{"start":{"line":1,"column":12},"end":{"line":1,"column":35}},"1":{"start":{"line":2,"column":0},"end":{"line":2,"column":27}},"2":{"start":{"line":5,"column":23},"end":{"line":5,"column":50}},"3":{"start":{"line":6,"column":4},"end":{"line":6,"column":76}},"4":{"start":{"line":6,"column":21},"end":{"line":6,"column":76}},"5":{"start":{"line":9,"column":4},"end":{"line":13,"column":5}},"6":{"start":{"line":10,"column":8},"end":{"line":10,"column":55}},"7":{"start":{"line":12,"column":8},"end":{"line":12,"column":27}},"8":{"start":{"line":15,"column":4},"end":{"line":21,"column":5}},"9":{"start":{"line":16,"column":24},"end":{"line":16,"column":64}},"10":{"start":{"line":17,"column":8},"end":{"line":17,"column":36}},"11":{"start":{"line":18,"column":8},"end":{"line":18,"column":15}},"12":{"start":{"line":20,"column":8},"end":{"line":20,"column":58}},"13":{"start":{"line":24,"column":0},"end":{"line":24,"column":29}}},"fnMap":{"0":{"name":"verifyToken","decl":{"start":{"line":4,"column":9},"end":{"line":4,"column":20}},"loc":{"start":{"line":4,"column":37},"end":{"line":22,"column":1}},"line":4}},"branchMap":{"0":{"loc":{"start":{"line":6,"column":4},"end":{"line":6,"column":76}},"type":"if","locations":[{"start":{"line":6,"column":4},"end":{"line":6,"column":76}},{"start":{},"end":{}}],"line":6},"1":{"loc":{"start":{"line":9,"column":4},"end":{"line":13,"column":5}},"type":"if","locations":[{"start":{"line":9,"column":4},"end":{"line":13,"column":5}},{"start":{"line":11,"column":11},"end":{"line":13,"column":5}}],"line":9}},"s":{"0":2,"1":2,"2":4,"3":4,"4":0,"5":4,"6":4,"7":0,"8":4,"9":4,"10":4,"11":4,"12":0,"13":2},"f":{"0":4},"b":{"0":[0,4],"1":[4,0]},"_coverageSchema":"1a1c01bbd47fc00a2c39e90264f33305004495a9","hash":"6da6eebd6d5c263c68a99faad2631c4ca6ec8679"}
,"/home/chengzhe/Documents/M1/FullstackJS/MyContacts/server/src/models/contactModel.js": {"path":"/home/chengzhe/Documents/M1/FullstackJS/MyContacts/server/src/models/contactModel.js","statementMap":{"0":{"start":{"line":1,"column":17},"end":{"line":1,"column":36}},"1":{"start":{"line":3,"column":22},"end":{"line":21,"column":2}},"2":{"start":{"line":23,"column":0},"end":{"line":23,"column":70}}},"fnMap":{},"branchMap":{},"s":{"0":2,"1":2,"2":2},"f":{},"b":{},"_coverageSchema":"1a1c01bbd47fc00a2c39e90264f33305004495a9","hash":"9af7f96025476caa94b77a5c0a3891ee2b0d78f2"}
,"/home/chengzhe/Documents/M1/FullstackJS/MyContacts/server/src/models/userModel.js": {"path":"/home/chengzhe/Documents/M1/FullstackJS/MyContacts/server/src/models/userModel.js","statementMap":{"0":{"start":{"line":1,"column":17},"end":{"line":1,"column":36}},"1":{"start":{"line":3,"column":19},"end":{"line":17,"column":2}},"2":{"start":{"line":19,"column":0},"end":{"line":19,"column":61}}},"fnMap":{},"branchMap":{},"s":{"0":2,"1":2,"2":2},"f":{},"b":{},"_coverageSchema":"1a1c01bbd47fc00a2c39e90264f33305004495a9","hash":"e1a12e1a9d08b22e4aae8e41a1246418c5bc05c2"}
,"/home/chengzhe/Documents/M1/FullstackJS/MyContacts/server/src/routes/contactRoutes.js": {"path":"/home/chengzhe/Documents/M1/FullstackJS/MyContacts/server/src/routes/contactRoutes.js","statementMap":{"0":{"start":{"line":1,"column":16},"end":{"line":1,"column":34}},"1":{"start":{"line":2,"column":15},"end":{"line":2,"column":31}},"2":{"start":{"line":10,"column":4},"end":{"line":10,"column":47}},"3":{"start":{"line":12,"column":20},"end":{"line":12,"column":60}},"4":{"start":{"line":14,"column":0},"end":{"line":14,"column":61}},"5":{"start":{"line":15,"column":0},"end":{"line":15,"column":66}},"6":{"start":{"line":16,"column":0},"end":{"line":16,"column":67}},"7":{"start":{"line":17,"column":0},"end":{"line":17,"column":57}},"8":{"start":{"line":18,"column":0},"end":{"line":18,"column":59}},"9":{"start":{"line":21,"column":0},"end":{"line":21,"column":24}}},"fnMap":{},"branchMap":{},"s":{"0":2,"1":2,"2":2,"3":2,"4":2,"5":2,"6":2,"7":2,"8":2,"9":2},"f":{},"b":{},"_coverageSchema":"1a1c01bbd47fc00a2c39e90264f33305004495a9","hash":"430388302ba96556dac39ca387171f28cdca177e"}
,"/home/chengzhe/Documents/M1/FullstackJS/MyContacts/server/src/routes/userRoutes.js": {"path":"/home/chengzhe/Documents/M1/FullstackJS/MyContacts/server/src/routes/userRoutes.js","statementMap":{"0":{"start":{"line":2,"column":16},"end":{"line":2,"column":34}},"1":{"start":{"line":7,"column":4},"end":{"line":7,"column":44}},"2":{"start":{"line":10,"column":15},"end":{"line":10,"column":31}},"3":{"start":{"line":12,"column":0},"end":{"line":12,"column":45}},"4":{"start":{"line":13,"column":0},"end":{"line":13,"column":39}},"5":{"start":{"line":14,"column":0},"end":{"line":14,"column":40}},"6":{"start":{"line":16,"column":0},"end":{"line":16,"column":24}}},"fnMap":{},"branchMap":{},"s":{"0":2,"1":2,"2":2,"3":2,"4":2,"5":2,"6":2},"f":{},"b":{},"_coverageSchema":"1a1c01bbd47fc00a2c39e90264f33305004495a9","hash":"c86939496abc21c8a182024793c4a771bfe5b337"}
,"/home/chengzhe/Documents/M1/FullstackJS/MyContacts/server/src/services/contactService.js": {"path":"/home/chengzhe/Documents/M1/FullstackJS/MyContacts/server/src/services/contactService.js","statementMap":{"0":{"start":{"line":1,"column":16},"end":{"line":1,"column":49}},"1":{"start":{"line":2,"column":12},"end":{"line":2,"column":35}},"2":{"start":{"line":5,"column":20},"end":{"line":5,"column":71}},"3":{"start":{"line":6,"column":4},"end":{"line":6,"column":25}},"4":{"start":{"line":7,"column":4},"end":{"line":7,"column":19}},"5":{"start":{"line":11,"column":27},"end":{"line":11,"column":93}},"6":{"start":{"line":12,"column":4},"end":{"line":12,"column":26}},"7":{"start":{"line":16,"column":27},"end":{"line":16,"column":69}},"8":{"start":{"line":17,"column":4},"end":{"line":17,"column":26}},"9":{"start":{"line":22,"column":4},"end":{"line":22,"column":26}},"10":{"start":{"line":25,"column":0},"end":{"line":30,"column":2}}},"fnMap":{"0":{"name":"createContact","decl":{"start":{"line":4,"column":15},"end":{"line":4,"column":28}},"loc":{"start":{"line":4,"column":65},"end":{"line":8,"column":1}},"line":4},"1":{"name":"updateContact","decl":{"start":{"line":10,"column":15},"end":{"line":10,"column":28}},"loc":{"start":{"line":10,"column":49},"end":{"line":13,"column":1}},"line":10},"2":{"name":"deleteContact","decl":{"start":{"line":15,"column":15},"end":{"line":15,"column":28}},"loc":{"start":{"line":15,"column":40},"end":{"line":18,"column":1}},"line":15},"3":{"name":"getAllContacts","decl":{"start":{"line":21,"column":15},"end":{"line":21,"column":29}},"loc":{"start":{"line":21,"column":32},"end":{"line":23,"column":1}},"line":21}},"branchMap":{},"s":{"0":2,"1":2,"2":1,"3":1,"4":1,"5":1,"6":1,"7":1,"8":1,"9":0,"10":2},"f":{"0":1,"1":1,"2":1,"3":0},"b":{},"_coverageSchema":"1a1c01bbd47fc00a2c39e90264f33305004495a9","hash":"59a0f27a58797f94fd4cb7ab8ef7569bceb211b8"}
,"/home/chengzhe/Documents/M1/FullstackJS/MyContacts/server/src/services/userService.js": {"path":"/home/chengzhe/Documents/M1/FullstackJS/MyContacts/server/src/services/userService.js","statementMap":{"0":{"start":{"line":1,"column":13},"end":{"line":1,"column":43}},"1":{"start":{"line":2,"column":15},"end":{"line":2,"column":32}},"2":{"start":{"line":3,"column":12},"end":{"line":3,"column":35}},"3":{"start":{"line":6,"column":27},"end":{"line":6,"column":58}},"4":{"start":{"line":7,"column":17},"end":{"line":7,"column":62}},"5":{"start":{"line":8,"column":4},"end":{"line":8,"column":22}},"6":{"start":{"line":9,"column":4},"end":{"line":9,"column":16}},"7":{"start":{"line":13,"column":17},"end":{"line":13,"column":46}},"8":{"start":{"line":14,"column":4},"end":{"line":14,"column":27}},"9":{"start":{"line":14,"column":15},"end":{"line":14,"column":27}},"10":{"start":{"line":16,"column":26},"end":{"line":16,"column":71}},"11":{"start":{"line":17,"column":4},"end":{"line":17,"column":36}},"12":{"start":{"line":17,"column":24},"end":{"line":17,"column":36}},"13":{"start":{"line":19,"column":18},"end":{"line":21,"column":6}},"14":{"start":{"line":23,"column":4},"end":{"line":23,"column":27}},"15":{"start":{"line":27,"column":4},"end":{"line":27,"column":23}},"16":{"start":{"line":30,"column":0},"end":{"line":34,"column":2}}},"fnMap":{"0":{"name":"registerUser","decl":{"start":{"line":5,"column":15},"end":{"line":5,"column":27}},"loc":{"start":{"line":5,"column":45},"end":{"line":10,"column":1}},"line":5},"1":{"name":"loginUser","decl":{"start":{"line":12,"column":15},"end":{"line":12,"column":24}},"loc":{"start":{"line":12,"column":42},"end":{"line":24,"column":1}},"line":12},"2":{"name":"getAllUsers","decl":{"start":{"line":26,"column":15},"end":{"line":26,"column":26}},"loc":{"start":{"line":26,"column":29},"end":{"line":28,"column":1}},"line":26}},"branchMap":{"0":{"loc":{"start":{"line":14,"column":4},"end":{"line":14,"column":27}},"type":"if","locations":[{"start":{"line":14,"column":4},"end":{"line":14,"column":27}},{"start":{},"end":{}}],"line":14},"1":{"loc":{"start":{"line":17,"column":4},"end":{"line":17,"column":36}},"type":"if","locations":[{"start":{"line":17,"column":4},"end":{"line":17,"column":36}},{"start":{},"end":{}}],"line":17}},"s":{"0":2,"1":2,"2":2,"3":2,"4":2,"5":2,"6":2,"7":1,"8":1,"9":0,"10":1,"11":1,"12":0,"13":1,"14":1,"15":0,"16":2},"f":{"0":2,"1":1,"2":0},"b":{"0":[0,1],"1":[0,1]},"_coverageSchema":"1a1c01bbd47fc00a2c39e90264f33305004495a9","hash":"947ca7b8c0966c48c949ddd3fd5a0e4352cfbcb7"}
}
