TN:
SF:src/app.js
FN:24,(anonymous_0)
FNF:1
FNH:0
FNDA:0,(anonymous_0)
DA:1,2
DA:2,2
DA:3,2
DA:4,2
DA:5,2
DA:8,2
DA:9,2
DA:12,2
DA:13,2
DA:16,2
DA:18,2
DA:19,2
DA:21,2
DA:22,0
DA:23,0
DA:24,0
DA:27,2
DA:28,2
DA:30,2
DA:32,2
DA:58,2
DA:60,2
LF:22
LH:19
BRDA:21,0,0,0
BRDA:21,0,1,2
BRDA:23,1,0,0
BRDA:23,1,1,0
BRF:4
BRH:1
end_of_record
TN:
SF:src/server.js
FN:47,startMongo
FNF:1
FNH:0
FNDA:0,startMongo
DA:2,2
DA:4,2
DA:5,2
DA:7,2
DA:9,2
DA:48,0
DA:49,0
DA:50,0
DA:51,0
DA:52,0
DA:54,0
DA:55,0
DA:60,2
LF:13
LH:6
BRDA:48,0,0,0
BRDA:48,0,1,0
BRF:2
BRH:0
end_of_record
TN:
SF:src/config/cors.js
FNF:0
FNH:0
DA:1,2
DA:3,2
DA:14,2
LF:3
LH:3
BRF:0
BRH:0
end_of_record
TN:
SF:src/controllers/contactController.js
FN:4,createContactController
FN:17,updateContactController
FN:34,deleteContactController
FN:50,listContactsController
FN:60,listAllContactsController
FNF:5
FNH:4
FNDA:1,createContactController
FNDA:1,updateContactController
FNDA:1,deleteContactController
FNDA:1,listContactsController
FNDA:0,listAllContactsController
DA:1,2
DA:2,2
DA:5,1
DA:6,1
DA:7,1
DA:8,1
DA:9,1
DA:10,1
DA:11,1
DA:13,0
DA:19,1
DA:20,1
DA:22,1
DA:23,1
DA:25,1
DA:26,0
DA:28,1
DA:30,0
DA:36,1
DA:38,1
DA:39,1
DA:41,1
DA:42,0
DA:44,1
DA:46,0
DA:51,1
DA:52,1
DA:53,1
DA:55,0
DA:56,0
DA:61,0
DA:62,0
DA:65,2
LF:33
LH:24
BRDA:25,0,0,0
BRDA:25,0,1,1
BRDA:41,1,0,0
BRDA:41,1,1,1
BRF:4
BRH:2
end_of_record
TN:
SF:src/controllers/userController.js
FN:3,registerController
FN:13,loginController
FN:29,listUsersController
FNF:3
FNH:2
FNDA:2,registerController
FNDA:1,loginController
FNDA:0,listUsersController
DA:1,2
DA:4,2
DA:5,2
DA:6,2
DA:7,2
DA:9,0
DA:14,1
DA:15,1
DA:16,1
DA:18,1
DA:19,0
DA:22,1
DA:24,0
DA:25,0
DA:30,0
DA:31,0
DA:35,2
LF:17
LH:11
BRDA:18,0,0,0
BRDA:18,0,1,1
BRF:2
BRH:1
end_of_record
TN:
SF:src/middlewares/authMiddleware.js
FN:4,verifyToken
FNF:1
FNH:1
FNDA:4,verifyToken
DA:1,2
DA:2,2
DA:5,4
DA:6,4
DA:9,4
DA:10,4
DA:12,0
DA:15,4
DA:16,4
DA:17,4
DA:18,4
DA:20,0
DA:24,2
LF:13
LH:11
BRDA:6,0,0,0
BRDA:6,0,1,4
BRDA:9,1,0,4
BRDA:9,1,1,0
BRF:4
BRH:2
end_of_record
TN:
SF:src/models/contactModel.js
FNF:0
FNH:0
DA:1,2
DA:3,2
DA:23,2
LF:3
LH:3
BRF:0
BRH:0
end_of_record
TN:
SF:src/models/userModel.js
FNF:0
FNH:0
DA:1,2
DA:3,2
DA:19,2
LF:3
LH:3
BRF:0
BRH:0
end_of_record
TN:
SF:src/routes/contactRoutes.js
FNF:0
FNH:0
DA:1,2
DA:2,2
DA:10,2
DA:12,2
DA:14,2
DA:15,2
DA:16,2
DA:17,2
DA:18,2
DA:21,2
LF:10
LH:10
BRF:0
BRH:0
end_of_record
TN:
SF:src/routes/userRoutes.js
FNF:0
FNH:0
DA:2,2
DA:7,2
DA:10,2
DA:12,2
DA:13,2
DA:14,2
DA:16,2
LF:7
LH:7
BRF:0
BRH:0
end_of_record
TN:
SF:src/services/contactService.js
FN:4,createContact
FN:10,updateContact
FN:15,deleteContact
FN:21,getAllContacts
FNF:4
FNH:3
FNDA:1,createContact
FNDA:1,updateContact
FNDA:1,deleteContact
FNDA:0,getAllContacts
DA:1,2
DA:2,2
DA:5,1
DA:6,1
DA:7,1
DA:11,1
DA:12,1
DA:16,1
DA:17,1
DA:22,0
DA:25,2
LF:11
LH:10
BRF:0
BRH:0
end_of_record
TN:
SF:src/services/userService.js
FN:5,registerUser
FN:12,loginUser
FN:26,getAllUsers
FNF:3
FNH:2
FNDA:2,registerUser
FNDA:1,loginUser
FNDA:0,getAllUsers
DA:1,2
DA:2,2
DA:3,2
DA:6,2
DA:7,2
DA:8,2
DA:9,2
DA:13,1
DA:14,1
DA:16,1
DA:17,1
DA:19,1
DA:23,1
DA:27,0
DA:30,2
LF:15
LH:14
BRDA:14,0,0,0
BRDA:14,0,1,1
BRDA:17,1,0,0
BRDA:17,1,1,1
BRF:4
BRH:2
end_of_record
